<?xml version="1.0" encoding="UTF-8"?>
<testsuite xmlns:xsi="http://www.w3.org/2001/XMLSchema-instance" xsi:noNamespaceSchemaLocation="https://maven.apache.org/surefire/maven-surefire-plugin/xsd/surefire-test-report-3.0.xsd" version="3.0" name="com.Adactin.runner.TestRunner" time="43.267" tests="25" errors="0" skipped="0" failures="2">
  <properties>
[...]
</properties>
  <testcase name="Given User opens the Adactin application" classname="Scenario: Verify whether the check-out date field accepts a later date than checkin date." time="0.005"/>
  <testcase name="When User enters the username in the login page" classname="Scenario: Verify whether the check-out date field accepts a later date than checkin date." time="0"/>
  <testcase name="And User enters the password in the  login page" classname="Scenario: Verify whether the check-out date field accepts a later date than checkin date." time="0"/>
  <testcase name="Then User clicks on the login button" classname="Scenario: Verify whether the check-out date field accepts a later date than checkin date." time="0.006"/>
  <testcase name="When User selects the location in search hotel page" classname="Scenario: Verify whether the check-out date field accepts a later date than checkin date." time="0"/>
  <testcase name="When User selects the hotel" classname="Scenario: Verify whether the check-out date field accepts a later date than checkin date." time="0.001"/>
  <testcase name="When User selects the room type" classname="Scenario: Verify whether the check-out date field accepts a later date than checkin date." time="0"/>
  <testcase name="When User selects the number of rooms" classname="Scenario: Verify whether the check-out date field accepts a later date than checkin date." time="0"/>
  <testcase name="When User selects the check-in date" classname="Scenario: Verify whether the check-out date field accepts a later date than checkin date." time="0"/>
  <testcase name="And User selects the check-out date less then check-in date" classname="Scenario: Verify whether the check-out date field accepts a later date than checkin date." time="0"/>
  <testcase name="And User selects the number of adults" classname="Scenario: Verify whether the check-out date field accepts a later date than checkin date." time="0"/>
  <testcase name="And User clicks on the search button" classname="Scenario: Verify whether the check-out date field accepts a later date than checkin date." time="0.001"/>
  <testcase name="Then Verify whether date field accepts the early check-out date than check-in date" classname="Scenario: Verify whether the check-out date field accepts a later date than checkin date." time="0.065">
    <failure type="java.lang.AssertionError"><![CDATA[java.lang.AssertionError
]]></failure>
  </testcase>
  <testcase name="" classname="Scenario: Verify whether the check-out date field accepts a later date than checkin date." time="0.065">
    <failure type="java.lang.AssertionError"><![CDATA[java.lang.AssertionError
]]></failure>
  </testcase>
  <testcase name="Given User opens the Adactin application" classname="Scenario: To check if error is reported if check-out date field is in the past" time="0"/>
  <testcase name="When User enters the username in the login page" classname="Scenario: To check if error is reported if check-out date field is in the past" time="0"/>
  <testcase name="And User enters the password in the  login page" classname="Scenario: To check if error is reported if check-out date field is in the past" time="0"/>
  <testcase name="Then User clicks on the login button" classname="Scenario: To check if error is reported if check-out date field is in the past" time="0"/>
  <testcase name="When User selects the location in search hotel page" classname="Scenario: To check if error is reported if check-out date field is in the past" time="0"/>
  <testcase name="When User selects the hotel" classname="Scenario: To check if error is reported if check-out date field is in the past" time="0.001"/>
  <testcase name="When User selects the room type" classname="Scenario: To check if error is reported if check-out date field is in the past" time="0"/>
  <testcase name="When User selects the number of rooms" classname="Scenario: To check if error is reported if check-out date field is in the past" time="0.001"/>
  <testcase name="When User enters the check-in date of the past" classname="Scenario: To check if error is reported if check-out date field is in the past" time="0"/>
  <testcase name="And User enters the check-out date of the past" classname="Scenario: To check if error is reported if check-out date field is in the past" time="0"/>
  <testcase name="" classname="Scenario: To check if error is reported if check-out date field is in the past" time="0"/>
</testsuite>